2025-11-27 09:20:44 | Rank 0 | INFO | Logging initialized. Log file: logs/rank_0_20251127_092044.log
2025-11-27 09:20:44 | Rank 0 | INFO | Init: rank=0, world_size=1
2025-11-27 09:20:44 | Rank 0 | INFO | [NODE SUMMARY] host=chi-mi325x-pod2-100.ord.vultr.cpe.ice.amd.com node_rank=unknown num_gpus_visible=8 world_size=1
2025-11-27 09:20:44 | Rank 0 | INFO | [RANK MAP] global_rank=0 node_rank=unknown local_rank=0 cuda_device=0 host=chi-mi325x-pod2-100.ord.vultr.cpe.ice.amd.com
2025-11-27 09:20:44 | Rank 0 | INFO | Using CUDA device index 0
2025-11-27 09:20:44 | Rank 0 | INFO | Loading model and tokenizer for: EleutherAI/gpt-neo-125M
2025-11-27 09:20:44 | Rank 0 | INFO | Loading model: EleutherAI/gpt-neo-125M
2025-11-27 09:20:44 | Rank 0 | DEBUG | Starting new HTTPS connection (1): huggingface.co:443
2025-11-27 09:20:44 | Rank 0 | DEBUG | https://huggingface.co:443 "HEAD /EleutherAI/gpt-neo-125M/resolve/main/tokenizer_config.json HTTP/1.1" 307 0
2025-11-27 09:20:44 | Rank 0 | DEBUG | https://huggingface.co:443 "HEAD /EleutherAI/gpt-neo-125m/resolve/main/tokenizer_config.json HTTP/1.1" 307 0
2025-11-27 09:20:44 | Rank 0 | DEBUG | https://huggingface.co:443 "HEAD /api/resolve-cache/models/EleutherAI/gpt-neo-125m/21def0189f5705e2521767faed922f1f15e7d7db/tokenizer_config.json HTTP/1.1" 200 0
2025-11-27 09:20:44 | Rank 0 | DEBUG | Attempting to acquire lock 140702576866448 on /home/yangzhou/.cache/huggingface/hub/.locks/models--EleutherAI--gpt-neo-125M/5bd1f117641b15c0abd00d6baef7405306ef1a12.lock
2025-11-27 09:20:44 | Rank 0 | DEBUG | Lock 140702576866448 acquired on /home/yangzhou/.cache/huggingface/hub/.locks/models--EleutherAI--gpt-neo-125M/5bd1f117641b15c0abd00d6baef7405306ef1a12.lock
2025-11-27 09:20:44 | Rank 0 | DEBUG | https://huggingface.co:443 "GET /api/resolve-cache/models/EleutherAI/gpt-neo-125m/21def0189f5705e2521767faed922f1f15e7d7db/tokenizer_config.json HTTP/1.1" 200 727
2025-11-27 09:20:44 | Rank 0 | DEBUG | Attempting to release lock 140702576866448 on /home/yangzhou/.cache/huggingface/hub/.locks/models--EleutherAI--gpt-neo-125M/5bd1f117641b15c0abd00d6baef7405306ef1a12.lock
2025-11-27 09:20:44 | Rank 0 | DEBUG | Lock 140702576866448 released on /home/yangzhou/.cache/huggingface/hub/.locks/models--EleutherAI--gpt-neo-125M/5bd1f117641b15c0abd00d6baef7405306ef1a12.lock
2025-11-27 09:20:44 | Rank 0 | DEBUG | https://huggingface.co:443 "GET /api/models/EleutherAI/gpt-neo-125M/tree/main/additional_chat_templates?recursive=False&expand=False HTTP/1.1" 307 135
2025-11-27 09:20:45 | Rank 0 | DEBUG | https://huggingface.co:443 "GET /api/models/EleutherAI/gpt-neo-125m/tree/main/additional_chat_templates?recursive=False&expand=False HTTP/1.1" 404 64
2025-11-27 09:20:45 | Rank 0 | DEBUG | https://huggingface.co:443 "HEAD /EleutherAI/gpt-neo-125M/resolve/main/vocab.json HTTP/1.1" 307 0
2025-11-27 09:20:45 | Rank 0 | DEBUG | https://huggingface.co:443 "HEAD /EleutherAI/gpt-neo-125m/resolve/main/vocab.json HTTP/1.1" 307 0
2025-11-27 09:20:45 | Rank 0 | DEBUG | https://huggingface.co:443 "HEAD /api/resolve-cache/models/EleutherAI/gpt-neo-125m/21def0189f5705e2521767faed922f1f15e7d7db/vocab.json HTTP/1.1" 200 0
2025-11-27 09:20:45 | Rank 0 | DEBUG | Attempting to acquire lock 140702576589456 on /home/yangzhou/.cache/huggingface/hub/.locks/models--EleutherAI--gpt-neo-125M/b00361fece0387ca34b4b8b8539ed830d644dbeb.lock
2025-11-27 09:20:45 | Rank 0 | DEBUG | Lock 140702576589456 acquired on /home/yangzhou/.cache/huggingface/hub/.locks/models--EleutherAI--gpt-neo-125M/b00361fece0387ca34b4b8b8539ed830d644dbeb.lock
2025-11-27 09:20:45 | Rank 0 | DEBUG | https://huggingface.co:443 "GET /api/resolve-cache/models/EleutherAI/gpt-neo-125m/21def0189f5705e2521767faed922f1f15e7d7db/vocab.json HTTP/1.1" 200 None
2025-11-27 09:20:45 | Rank 0 | DEBUG | Attempting to release lock 140702576589456 on /home/yangzhou/.cache/huggingface/hub/.locks/models--EleutherAI--gpt-neo-125M/b00361fece0387ca34b4b8b8539ed830d644dbeb.lock
2025-11-27 09:20:45 | Rank 0 | DEBUG | Lock 140702576589456 released on /home/yangzhou/.cache/huggingface/hub/.locks/models--EleutherAI--gpt-neo-125M/b00361fece0387ca34b4b8b8539ed830d644dbeb.lock
2025-11-27 09:20:45 | Rank 0 | DEBUG | https://huggingface.co:443 "HEAD /EleutherAI/gpt-neo-125M/resolve/main/merges.txt HTTP/1.1" 307 0
2025-11-27 09:20:45 | Rank 0 | DEBUG | https://huggingface.co:443 "HEAD /EleutherAI/gpt-neo-125m/resolve/main/merges.txt HTTP/1.1" 307 0
2025-11-27 09:20:45 | Rank 0 | DEBUG | https://huggingface.co:443 "HEAD /api/resolve-cache/models/EleutherAI/gpt-neo-125m/21def0189f5705e2521767faed922f1f15e7d7db/merges.txt HTTP/1.1" 200 0
2025-11-27 09:20:45 | Rank 0 | DEBUG | Attempting to acquire lock 140702576590416 on /home/yangzhou/.cache/huggingface/hub/.locks/models--EleutherAI--gpt-neo-125M/226b0752cac7789c48f0cb3ec53eda48b7be36cc.lock
2025-11-27 09:20:45 | Rank 0 | DEBUG | Lock 140702576590416 acquired on /home/yangzhou/.cache/huggingface/hub/.locks/models--EleutherAI--gpt-neo-125M/226b0752cac7789c48f0cb3ec53eda48b7be36cc.lock
2025-11-27 09:20:45 | Rank 0 | DEBUG | https://huggingface.co:443 "GET /api/resolve-cache/models/EleutherAI/gpt-neo-125m/21def0189f5705e2521767faed922f1f15e7d7db/merges.txt HTTP/1.1" 200 None
2025-11-27 09:20:45 | Rank 0 | DEBUG | Attempting to release lock 140702576590416 on /home/yangzhou/.cache/huggingface/hub/.locks/models--EleutherAI--gpt-neo-125M/226b0752cac7789c48f0cb3ec53eda48b7be36cc.lock
2025-11-27 09:20:45 | Rank 0 | DEBUG | Lock 140702576590416 released on /home/yangzhou/.cache/huggingface/hub/.locks/models--EleutherAI--gpt-neo-125M/226b0752cac7789c48f0cb3ec53eda48b7be36cc.lock
2025-11-27 09:20:45 | Rank 0 | DEBUG | https://huggingface.co:443 "HEAD /EleutherAI/gpt-neo-125M/resolve/main/tokenizer.json HTTP/1.1" 307 0
2025-11-27 09:20:45 | Rank 0 | DEBUG | https://huggingface.co:443 "HEAD /EleutherAI/gpt-neo-125m/resolve/main/tokenizer.json HTTP/1.1" 307 0
2025-11-27 09:20:45 | Rank 0 | DEBUG | https://huggingface.co:443 "HEAD /api/resolve-cache/models/EleutherAI/gpt-neo-125m/21def0189f5705e2521767faed922f1f15e7d7db/tokenizer.json HTTP/1.1" 200 0
2025-11-27 09:20:45 | Rank 0 | DEBUG | Attempting to acquire lock 140702576590416 on /home/yangzhou/.cache/huggingface/hub/.locks/models--EleutherAI--gpt-neo-125M/f53f61f36fdd6a4a52266aacfe6dde49575eaf65.lock
2025-11-27 09:20:45 | Rank 0 | DEBUG | Lock 140702576590416 acquired on /home/yangzhou/.cache/huggingface/hub/.locks/models--EleutherAI--gpt-neo-125M/f53f61f36fdd6a4a52266aacfe6dde49575eaf65.lock
2025-11-27 09:20:45 | Rank 0 | DEBUG | https://huggingface.co:443 "GET /api/resolve-cache/models/EleutherAI/gpt-neo-125m/21def0189f5705e2521767faed922f1f15e7d7db/tokenizer.json HTTP/1.1" 200 None
2025-11-27 09:20:45 | Rank 0 | DEBUG | Attempting to release lock 140702576590416 on /home/yangzhou/.cache/huggingface/hub/.locks/models--EleutherAI--gpt-neo-125M/f53f61f36fdd6a4a52266aacfe6dde49575eaf65.lock
2025-11-27 09:20:45 | Rank 0 | DEBUG | Lock 140702576590416 released on /home/yangzhou/.cache/huggingface/hub/.locks/models--EleutherAI--gpt-neo-125M/f53f61f36fdd6a4a52266aacfe6dde49575eaf65.lock
2025-11-27 09:20:45 | Rank 0 | DEBUG | https://huggingface.co:443 "HEAD /EleutherAI/gpt-neo-125M/resolve/main/added_tokens.json HTTP/1.1" 307 0
2025-11-27 09:20:45 | Rank 0 | DEBUG | https://huggingface.co:443 "HEAD /EleutherAI/gpt-neo-125m/resolve/main/added_tokens.json HTTP/1.1" 404 0
2025-11-27 09:20:45 | Rank 0 | DEBUG | https://huggingface.co:443 "HEAD /EleutherAI/gpt-neo-125M/resolve/main/special_tokens_map.json HTTP/1.1" 307 0
2025-11-27 09:20:45 | Rank 0 | DEBUG | https://huggingface.co:443 "HEAD /EleutherAI/gpt-neo-125m/resolve/main/special_tokens_map.json HTTP/1.1" 307 0
2025-11-27 09:20:45 | Rank 0 | DEBUG | https://huggingface.co:443 "HEAD /api/resolve-cache/models/EleutherAI/gpt-neo-125m/21def0189f5705e2521767faed922f1f15e7d7db/special_tokens_map.json HTTP/1.1" 200 0
2025-11-27 09:20:45 | Rank 0 | DEBUG | Attempting to acquire lock 140702576590416 on /home/yangzhou/.cache/huggingface/hub/.locks/models--EleutherAI--gpt-neo-125M/22fabbdda08346a6dfb95b1782a4efb6f876f2c2.lock
2025-11-27 09:20:45 | Rank 0 | DEBUG | Lock 140702576590416 acquired on /home/yangzhou/.cache/huggingface/hub/.locks/models--EleutherAI--gpt-neo-125M/22fabbdda08346a6dfb95b1782a4efb6f876f2c2.lock
2025-11-27 09:20:45 | Rank 0 | DEBUG | https://huggingface.co:443 "GET /api/resolve-cache/models/EleutherAI/gpt-neo-125m/21def0189f5705e2521767faed922f1f15e7d7db/special_tokens_map.json HTTP/1.1" 200 357
2025-11-27 09:20:45 | Rank 0 | DEBUG | Attempting to release lock 140702576590416 on /home/yangzhou/.cache/huggingface/hub/.locks/models--EleutherAI--gpt-neo-125M/22fabbdda08346a6dfb95b1782a4efb6f876f2c2.lock
2025-11-27 09:20:45 | Rank 0 | DEBUG | Lock 140702576590416 released on /home/yangzhou/.cache/huggingface/hub/.locks/models--EleutherAI--gpt-neo-125M/22fabbdda08346a6dfb95b1782a4efb6f876f2c2.lock
2025-11-27 09:20:45 | Rank 0 | DEBUG | https://huggingface.co:443 "HEAD /EleutherAI/gpt-neo-125M/resolve/main/chat_template.jinja HTTP/1.1" 307 0
2025-11-27 09:20:45 | Rank 0 | DEBUG | https://huggingface.co:443 "HEAD /EleutherAI/gpt-neo-125m/resolve/main/chat_template.jinja HTTP/1.1" 404 0
2025-11-27 09:20:45 | Rank 0 | DEBUG | https://huggingface.co:443 "HEAD /EleutherAI/gpt-neo-125M/resolve/main/config.json HTTP/1.1" 307 0
2025-11-27 09:20:45 | Rank 0 | DEBUG | https://huggingface.co:443 "HEAD /EleutherAI/gpt-neo-125m/resolve/main/config.json HTTP/1.1" 307 0
2025-11-27 09:20:45 | Rank 0 | DEBUG | https://huggingface.co:443 "HEAD /api/resolve-cache/models/EleutherAI/gpt-neo-125m/21def0189f5705e2521767faed922f1f15e7d7db/config.json HTTP/1.1" 200 0
2025-11-27 09:20:45 | Rank 0 | DEBUG | Attempting to acquire lock 140702576589120 on /home/yangzhou/.cache/huggingface/hub/.locks/models--EleutherAI--gpt-neo-125M/06db8066850aa0bb609cc71c77ae27dacaddde8b.lock
2025-11-27 09:20:45 | Rank 0 | DEBUG | Lock 140702576589120 acquired on /home/yangzhou/.cache/huggingface/hub/.locks/models--EleutherAI--gpt-neo-125M/06db8066850aa0bb609cc71c77ae27dacaddde8b.lock
2025-11-27 09:20:45 | Rank 0 | DEBUG | https://huggingface.co:443 "GET /api/resolve-cache/models/EleutherAI/gpt-neo-125m/21def0189f5705e2521767faed922f1f15e7d7db/config.json HTTP/1.1" 200 None
2025-11-27 09:20:45 | Rank 0 | DEBUG | Attempting to release lock 140702576589120 on /home/yangzhou/.cache/huggingface/hub/.locks/models--EleutherAI--gpt-neo-125M/06db8066850aa0bb609cc71c77ae27dacaddde8b.lock
2025-11-27 09:20:45 | Rank 0 | DEBUG | Lock 140702576589120 released on /home/yangzhou/.cache/huggingface/hub/.locks/models--EleutherAI--gpt-neo-125M/06db8066850aa0bb609cc71c77ae27dacaddde8b.lock
2025-11-27 09:20:45 | Rank 0 | DEBUG | https://huggingface.co:443 "HEAD /EleutherAI/gpt-neo-125M/resolve/main/model.safetensors HTTP/1.1" 307 0
2025-11-27 09:20:45 | Rank 0 | DEBUG | https://huggingface.co:443 "HEAD /EleutherAI/gpt-neo-125m/resolve/main/model.safetensors HTTP/1.1" 302 0
2025-11-27 09:20:45 | Rank 0 | DEBUG | Attempting to acquire lock 140702563441664 on /home/yangzhou/.cache/huggingface/hub/.locks/models--EleutherAI--gpt-neo-125M/52738cbfb54e25a232598242f60ef19ee193d36090b98fe649b10c02724b3521.lock
2025-11-27 09:20:45 | Rank 0 | DEBUG | Lock 140702563441664 acquired on /home/yangzhou/.cache/huggingface/hub/.locks/models--EleutherAI--gpt-neo-125M/52738cbfb54e25a232598242f60ef19ee193d36090b98fe649b10c02724b3521.lock
2025-11-27 09:20:45 | Rank 0 | DEBUG | https://huggingface.co:443 "GET /api/models/EleutherAI/gpt-neo-125m/xet-read-token/21def0189f5705e2521767faed922f1f15e7d7db HTTP/1.1" 200 365
2025-11-27 09:20:47 | Rank 0 | DEBUG | Attempting to release lock 140702563441664 on /home/yangzhou/.cache/huggingface/hub/.locks/models--EleutherAI--gpt-neo-125M/52738cbfb54e25a232598242f60ef19ee193d36090b98fe649b10c02724b3521.lock
2025-11-27 09:20:47 | Rank 0 | DEBUG | Lock 140702563441664 released on /home/yangzhou/.cache/huggingface/hub/.locks/models--EleutherAI--gpt-neo-125M/52738cbfb54e25a232598242f60ef19ee193d36090b98fe649b10c02724b3521.lock
2025-11-27 09:20:47 | Rank 0 | DEBUG | https://huggingface.co:443 "HEAD /EleutherAI/gpt-neo-125M/resolve/main/generation_config.json HTTP/1.1" 307 0
2025-11-27 09:20:47 | Rank 0 | DEBUG | https://huggingface.co:443 "HEAD /EleutherAI/gpt-neo-125m/resolve/main/generation_config.json HTTP/1.1" 307 0
2025-11-27 09:20:47 | Rank 0 | DEBUG | https://huggingface.co:443 "HEAD /api/resolve-cache/models/EleutherAI/gpt-neo-125m/21def0189f5705e2521767faed922f1f15e7d7db/generation_config.json HTTP/1.1" 200 0
2025-11-27 09:20:47 | Rank 0 | DEBUG | Attempting to acquire lock 140702576865440 on /home/yangzhou/.cache/huggingface/hub/.locks/models--EleutherAI--gpt-neo-125M/1275fb9c0b89fc7ddb116749308fd5e94ed00793.lock
2025-11-27 09:20:47 | Rank 0 | DEBUG | Lock 140702576865440 acquired on /home/yangzhou/.cache/huggingface/hub/.locks/models--EleutherAI--gpt-neo-125M/1275fb9c0b89fc7ddb116749308fd5e94ed00793.lock
2025-11-27 09:20:47 | Rank 0 | DEBUG | https://huggingface.co:443 "GET /api/resolve-cache/models/EleutherAI/gpt-neo-125m/21def0189f5705e2521767faed922f1f15e7d7db/generation_config.json HTTP/1.1" 200 119
2025-11-27 09:20:47 | Rank 0 | DEBUG | Attempting to release lock 140702576865440 on /home/yangzhou/.cache/huggingface/hub/.locks/models--EleutherAI--gpt-neo-125M/1275fb9c0b89fc7ddb116749308fd5e94ed00793.lock
2025-11-27 09:20:47 | Rank 0 | DEBUG | Lock 140702576865440 released on /home/yangzhou/.cache/huggingface/hub/.locks/models--EleutherAI--gpt-neo-125M/1275fb9c0b89fc7ddb116749308fd5e94ed00793.lock
2025-11-27 09:20:47 | Rank 0 | DEBUG | https://huggingface.co:443 "HEAD /EleutherAI/gpt-neo-125M/resolve/main/custom_generate/generate.py HTTP/1.1" 307 0
2025-11-27 09:20:47 | Rank 0 | DEBUG | https://huggingface.co:443 "HEAD /EleutherAI/gpt-neo-125m/resolve/main/custom_generate/generate.py HTTP/1.1" 404 0
2025-11-27 09:20:48 | Rank 0 | INFO | Starting epoch 1 with 128 batches
2025-11-27 09:20:52 | Rank 0 | INFO | Epoch 1 | Batch 0/128 | Loss: 10.7656
2025-11-27 09:20:52 | Rank 0 | INFO | Epoch 1 | Batch 10/128 | Loss: nan
2025-11-27 09:20:53 | Rank 0 | INFO | Epoch 1 | Batch 20/128 | Loss: nan
2025-11-27 09:20:53 | Rank 0 | INFO | Epoch 1 | Batch 30/128 | Loss: nan
2025-11-27 09:20:53 | Rank 0 | INFO | Epoch 1 | Batch 40/128 | Loss: nan
2025-11-27 09:20:53 | Rank 0 | INFO | Epoch 1 | Batch 50/128 | Loss: nan
2025-11-27 09:20:53 | Rank 0 | INFO | Epoch 1 | Batch 60/128 | Loss: nan
2025-11-27 09:20:54 | Rank 0 | INFO | Epoch 1 | Batch 70/128 | Loss: nan
2025-11-27 09:20:54 | Rank 0 | INFO | Epoch 1 | Batch 80/128 | Loss: nan
2025-11-27 09:20:54 | Rank 0 | INFO | Epoch 1 | Batch 90/128 | Loss: nan
2025-11-27 09:20:54 | Rank 0 | INFO | Epoch 1 | Batch 100/128 | Loss: nan
2025-11-27 09:20:54 | Rank 0 | INFO | Epoch 1 | Batch 110/128 | Loss: nan
2025-11-27 09:20:55 | Rank 0 | INFO | Epoch 1 | Batch 120/128 | Loss: nan
2025-11-27 09:20:55 | Rank 0 | INFO | Finished epoch 1 | Average loss: nan
2025-11-27 09:20:55 | Rank 0 | INFO | Epoch 1 summary: avg_loss=nan
2025-11-27 09:20:55 | Rank 0 | INFO | Starting epoch 2 with 128 batches
2025-11-27 09:20:56 | Rank 0 | INFO | Epoch 2 | Batch 0/128 | Loss: nan
2025-11-27 09:20:56 | Rank 0 | INFO | Epoch 2 | Batch 10/128 | Loss: nan
2025-11-27 09:20:56 | Rank 0 | INFO | Epoch 2 | Batch 20/128 | Loss: nan
2025-11-27 09:20:56 | Rank 0 | INFO | Epoch 2 | Batch 30/128 | Loss: nan
2025-11-27 09:20:57 | Rank 0 | INFO | Epoch 2 | Batch 40/128 | Loss: nan
2025-11-27 09:20:57 | Rank 0 | INFO | Epoch 2 | Batch 50/128 | Loss: nan
2025-11-27 09:20:57 | Rank 0 | INFO | Epoch 2 | Batch 60/128 | Loss: nan
2025-11-27 09:20:57 | Rank 0 | INFO | Epoch 2 | Batch 70/128 | Loss: nan
2025-11-27 09:20:57 | Rank 0 | INFO | Epoch 2 | Batch 80/128 | Loss: nan
2025-11-27 09:20:58 | Rank 0 | INFO | Epoch 2 | Batch 90/128 | Loss: nan
2025-11-27 09:20:58 | Rank 0 | INFO | Epoch 2 | Batch 100/128 | Loss: nan
2025-11-27 09:20:58 | Rank 0 | INFO | Epoch 2 | Batch 110/128 | Loss: nan
2025-11-27 09:20:58 | Rank 0 | INFO | Epoch 2 | Batch 120/128 | Loss: nan
2025-11-27 09:20:58 | Rank 0 | INFO | Finished epoch 2 | Average loss: nan
2025-11-27 09:20:58 | Rank 0 | INFO | Epoch 2 summary: avg_loss=nan
2025-11-27 09:20:59 | Rank 0 | INFO | Checkpoint saved at: checkpoints/ddp_gpt2_wikitext2.pt
2025-11-27 09:20:59 | Rank 0 | INFO | Destroying process group...
2025-11-27 09:20:59 | Rank 0 | INFO | Process finished.
2025-11-27 09:20:59 | Rank 0 | INFO | Log file: logs/rank_0_20251127_092044.log
