2025-11-27 09:27:52 | Rank 0 | INFO | Logging initialized. Log file: logs/rank_0_20251127_092752.log
2025-11-27 09:27:52 | Rank 0 | INFO | Init: rank=0, world_size=1
2025-11-27 09:27:52 | Rank 0 | INFO | [NODE SUMMARY] host=chi-mi325x-pod2-100.ord.vultr.cpe.ice.amd.com node_rank=unknown num_gpus_visible=8 world_size=1
2025-11-27 09:27:52 | Rank 0 | INFO | [RANK MAP] global_rank=0 node_rank=unknown local_rank=0 cuda_device=0 host=chi-mi325x-pod2-100.ord.vultr.cpe.ice.amd.com
2025-11-27 09:27:52 | Rank 0 | INFO | Using CUDA device index 0
2025-11-27 09:27:52 | Rank 0 | INFO | Loading model and tokenizer for: EleutherAI/gpt-neo-125M
2025-11-27 09:27:52 | Rank 0 | INFO | Loading model: EleutherAI/gpt-neo-125M
2025-11-27 09:27:52 | Rank 0 | DEBUG | Starting new HTTPS connection (1): huggingface.co:443
2025-11-27 09:27:52 | Rank 0 | DEBUG | https://huggingface.co:443 "HEAD /EleutherAI/gpt-neo-125M/resolve/main/tokenizer_config.json HTTP/1.1" 307 0
2025-11-27 09:27:52 | Rank 0 | DEBUG | https://huggingface.co:443 "HEAD /EleutherAI/gpt-neo-125m/resolve/main/tokenizer_config.json HTTP/1.1" 307 0
2025-11-27 09:27:52 | Rank 0 | DEBUG | https://huggingface.co:443 "HEAD /api/resolve-cache/models/EleutherAI/gpt-neo-125m/21def0189f5705e2521767faed922f1f15e7d7db/tokenizer_config.json HTTP/1.1" 200 0
2025-11-27 09:27:52 | Rank 0 | DEBUG | https://huggingface.co:443 "GET /api/models/EleutherAI/gpt-neo-125M/tree/main/additional_chat_templates?recursive=False&expand=False HTTP/1.1" 307 135
2025-11-27 09:27:52 | Rank 0 | DEBUG | https://huggingface.co:443 "GET /api/models/EleutherAI/gpt-neo-125m/tree/main/additional_chat_templates?recursive=False&expand=False HTTP/1.1" 404 64
2025-11-27 09:27:52 | Rank 0 | DEBUG | https://huggingface.co:443 "HEAD /EleutherAI/gpt-neo-125M/resolve/main/config.json HTTP/1.1" 307 0
2025-11-27 09:27:52 | Rank 0 | DEBUG | https://huggingface.co:443 "HEAD /EleutherAI/gpt-neo-125m/resolve/main/config.json HTTP/1.1" 307 0
2025-11-27 09:27:52 | Rank 0 | DEBUG | https://huggingface.co:443 "HEAD /api/resolve-cache/models/EleutherAI/gpt-neo-125m/21def0189f5705e2521767faed922f1f15e7d7db/config.json HTTP/1.1" 200 0
2025-11-27 09:27:52 | Rank 0 | DEBUG | https://huggingface.co:443 "HEAD /EleutherAI/gpt-neo-125M/resolve/main/generation_config.json HTTP/1.1" 307 0
2025-11-27 09:27:52 | Rank 0 | DEBUG | https://huggingface.co:443 "HEAD /EleutherAI/gpt-neo-125m/resolve/main/generation_config.json HTTP/1.1" 307 0
2025-11-27 09:27:52 | Rank 0 | DEBUG | https://huggingface.co:443 "HEAD /api/resolve-cache/models/EleutherAI/gpt-neo-125m/21def0189f5705e2521767faed922f1f15e7d7db/generation_config.json HTTP/1.1" 200 0
2025-11-27 09:27:52 | Rank 0 | DEBUG | https://huggingface.co:443 "HEAD /EleutherAI/gpt-neo-125M/resolve/main/custom_generate/generate.py HTTP/1.1" 307 0
2025-11-27 09:27:52 | Rank 0 | DEBUG | https://huggingface.co:443 "HEAD /EleutherAI/gpt-neo-125m/resolve/main/custom_generate/generate.py HTTP/1.1" 404 0
2025-11-27 09:27:53 | Rank 0 | INFO | Starting epoch 1 with 128 batches
2025-11-27 09:27:57 | Rank 0 | INFO | Epoch 1 | Batch 0/128 | Loss: 10.7656
2025-11-27 09:27:57 | Rank 0 | INFO | Epoch 1 | Batch 10/128 | Loss: nan
2025-11-27 09:27:58 | Rank 0 | INFO | Epoch 1 | Batch 20/128 | Loss: nan
2025-11-27 09:27:58 | Rank 0 | INFO | Epoch 1 | Batch 30/128 | Loss: nan
2025-11-27 09:27:58 | Rank 0 | INFO | Epoch 1 | Batch 40/128 | Loss: nan
2025-11-27 09:27:58 | Rank 0 | INFO | Epoch 1 | Batch 50/128 | Loss: nan
2025-11-27 09:27:58 | Rank 0 | INFO | Epoch 1 | Batch 60/128 | Loss: nan
2025-11-27 09:27:59 | Rank 0 | INFO | Epoch 1 | Batch 70/128 | Loss: nan
2025-11-27 09:27:59 | Rank 0 | INFO | Epoch 1 | Batch 80/128 | Loss: nan
2025-11-27 09:27:59 | Rank 0 | INFO | Epoch 1 | Batch 90/128 | Loss: nan
2025-11-27 09:27:59 | Rank 0 | INFO | Epoch 1 | Batch 100/128 | Loss: nan
2025-11-27 09:27:59 | Rank 0 | INFO | Epoch 1 | Batch 110/128 | Loss: nan
2025-11-27 09:28:00 | Rank 0 | INFO | Epoch 1 | Batch 120/128 | Loss: nan
2025-11-27 09:28:00 | Rank 0 | INFO | Finished epoch 1 | Average loss: nan
2025-11-27 09:28:00 | Rank 0 | INFO | Epoch 1 summary: avg_loss=nan
2025-11-27 09:28:00 | Rank 0 | INFO | Starting epoch 2 with 128 batches
2025-11-27 09:28:01 | Rank 0 | INFO | Epoch 2 | Batch 0/128 | Loss: nan
2025-11-27 09:28:01 | Rank 0 | INFO | Epoch 2 | Batch 10/128 | Loss: nan
2025-11-27 09:28:01 | Rank 0 | INFO | Epoch 2 | Batch 20/128 | Loss: nan
2025-11-27 09:28:01 | Rank 0 | INFO | Epoch 2 | Batch 30/128 | Loss: nan
2025-11-27 09:28:02 | Rank 0 | INFO | Epoch 2 | Batch 40/128 | Loss: nan
2025-11-27 09:28:02 | Rank 0 | INFO | Epoch 2 | Batch 50/128 | Loss: nan
2025-11-27 09:28:02 | Rank 0 | INFO | Epoch 2 | Batch 60/128 | Loss: nan
2025-11-27 09:28:02 | Rank 0 | INFO | Epoch 2 | Batch 70/128 | Loss: nan
2025-11-27 09:28:02 | Rank 0 | INFO | Epoch 2 | Batch 80/128 | Loss: nan
2025-11-27 09:28:03 | Rank 0 | INFO | Epoch 2 | Batch 90/128 | Loss: nan
2025-11-27 09:28:03 | Rank 0 | INFO | Epoch 2 | Batch 100/128 | Loss: nan
2025-11-27 09:28:03 | Rank 0 | INFO | Epoch 2 | Batch 110/128 | Loss: nan
2025-11-27 09:28:03 | Rank 0 | INFO | Epoch 2 | Batch 120/128 | Loss: nan
2025-11-27 09:28:03 | Rank 0 | INFO | Finished epoch 2 | Average loss: nan
2025-11-27 09:28:03 | Rank 0 | INFO | Epoch 2 summary: avg_loss=nan
2025-11-27 09:28:04 | Rank 0 | INFO | Checkpoint saved at: checkpoints/ddp_gpt2_wikitext2.pt
2025-11-27 09:28:04 | Rank 0 | INFO | Destroying process group...
2025-11-27 09:28:04 | Rank 0 | INFO | Process finished.
2025-11-27 09:28:04 | Rank 0 | INFO | Log file: logs/rank_0_20251127_092752.log
